<?xml version="1.0" encoding="utf-8" standalone="no"?>
<!--This file represents the results of running a test suite-->
<test-results name="C:\Rafael\DynamicMethodBinding\DynamicMethodBinding\bin\Debug\DynamicMethodBinding.dll" total="1" errors="0" failures="0" not-run="0" inconclusive="0" ignored="0" skipped="0" invalid="0" date="2013-04-26" time="10:35:20">
  <environment nunit-version="2.6.2.12296" clr-version="2.0.50727.5466" os-version="Microsoft Windows NT 6.1.7601 Service Pack 1" platform="Win32NT" cwd="C:\Rafael\DynamicMethodBinding\DynamicMethodBinding\bin\Debug" machine-name="CONCERT-PC" user="Rafael Romão" user-domain="CONCERT-PC" />
  <culture-info current-culture="pt-BR" current-uiculture="pt-BR" />
  <test-suite type="Assembly" name="C:\Rafael\DynamicMethodBinding\DynamicMethodBinding\bin\Debug\DynamicMethodBinding.dll" executed="True" result="Success" success="True" time="1.281" asserts="0">
    <results>
      <test-suite type="Namespace" name="DynamicMethodBinding" executed="True" result="Success" success="True" time="1.250" asserts="0">
        <results>
          <test-suite type="TestFixture" name="TaxonomyTests" executed="True" result="Success" success="True" time="1.250" asserts="0">
            <results>
              <test-case name="DynamicMethodBinding.TaxonomyTests.TestGenusForDynamicBinding" executed="True" result="Success" success="True" time="1.219" asserts="3" />
            </results>
          </test-suite>
        </results>
      </test-suite>
    </results>
  </test-suite>
</test-results>